Not found:a   -3042
Duplicate phon:aza
Duplicate phon:azawarau
Duplicate phon:aseru
Duplicate phon:arihureru
Duplicate phon:awase
Duplicate phon:i
Duplicate phon:i
Duplicate phon:iikagen
Duplicate phon:ikeru
Duplicate phon:itadaki
Not found:ibiki   -30443073304D
Duplicate phon:iyaiya
Duplicate phon:iyarasii
Duplicate phon:utumuku
Duplicate phon:umaretuki
Duplicate phon:ei
Duplicate phon:oogesa
Not found:oomakana   -304A304A307E304B306A
Duplicate phon:ogoru
Duplicate phon:omake
Duplicate phon:omutu
Phonetic problem:ga
Phonetic problem:ga
Phonetic problem:kai
Duplicate phon:kai
Duplicate phon:kaku
Duplicate phon:kake
Duplicate phon:kata
Duplicate phon:katute
Duplicate phon:kanawanai
Duplicate phon:kimagure
Duplicate phon:kimatu
Duplicate phon:kimariwarui
Duplicate phon:kyou
Phonetic problem:kyou
Duplicate phon:kirabiyaka
Duplicate phon:kiri
Duplicate phon:ku
Duplicate phon:kuzi
Duplicate phon:kuzibiki
Duplicate phon:kusuguttai
Duplicate phon:kenasu
Phonetic problem:kou
Duplicate phon:gozaimasu
Duplicate phon:kosu
Duplicate phon:kotatu
Duplicate phon:gorannasai
Duplicate phon:sa
Not found:sapparisuru   -305530633071308A3059308B
Duplicate phon:sahodo
Duplicate phon:sarau
Duplicate phon:si
Duplicate phon:sikasinagara
Duplicate phon:sikitari
Phonetic problem:syou
Duplicate phon:zyou
Phonetic problem:sui
Duplicate phon:sugasugasii
Duplicate phon:sukuu
Duplicate phon:sokkenai
Duplicate phon:sorasu
Duplicate phon:sori
Phonetic problem:tan
Duplicate phon:tubura
Duplicate phon:teppen
Phonetic problem:do
Duplicate phon:tou
Duplicate phon:togireru
Duplicate phon:toge
Duplicate phon:totte
Duplicate phon:tobokeru
Duplicate phon:toriaezu
Duplicate phon:toriwake
Duplicate phon:torokeru
Duplicate phon:nanitozo
Duplicate phon:nezimawasi
Duplicate phon:hai
Duplicate phon:hakanai
Duplicate phon:hamaru
Duplicate phon:baramaku
Phonetic problem:hi
Duplicate phon:hi
Duplicate phon:hitasura
Duplicate phon:hibi
Phonetic problem:heri
Duplicate phon:herikudaru
Duplicate phon:hosi
Duplicate phon:makotoni
Duplicate phon:matagaru
Duplicate phon:matimati
Not found:mamire   -307E307F308C
Duplicate phon:marukkiri
Phonetic problem:mi
Duplicate phon:misuborasii
Duplicate phon:minasu
Phonetic problem:mou
Duplicate phon:moteru
Phonetic problem:yaku
Not found:yakeni   -30843051306B
Duplicate phon:yaritogeru
Phonetic problem:yu
Duplicate phon:you
Duplicate phon:yosi
Duplicate phon:yotte
Duplicate phon:yori
Duplicate phon:wazawaza
