3042 30FC A A A
3044 30FC I I I
3046 30FC U U U
3048 30FC E E E
304A 30FC O O O
3041 30A1 xa xa xa
3043 30A3 xi xi xi
3045 30A5 xu xu xu
3047 30A7 xe xe xe
3049 30A9 xo xo xo
3063 30C3 xtu xtsu xcu
3083 30E3 xya xya xja
3085 30E5 xyu xyu xju
3087 30E7 xyo xyo xjo
308E 30EE xwa xwa xwa
 30F5 xka xka xka
 30F6 xke xke xke
3090 30F0 wi wi wi
3091 30F1 we we we
3092 30F2 wo wo wo
3042 30A2 a a a
3044 30A4 i i i
3046 30A6 u u u
3048 30A8 e e e
304A 30AA o o o
304B 30AB ka ka ka
304C 30AC ga ga ga
304D 30AD ki ki ki
304E 30AE gi gi gi
304F 30AF ku ku ku
3050 30B0 gu gu gu
3051 30B1 ke ke ke
3052 30B2 ge ge ge
3053 30B3 ko ko ko
3054 30B4 go go go
3055 30B5 sa sa sa
3056 30B6 za za za
3057 30B7 si shi ši
3058 30B8 zi ji dži
3059 30B9 su su su
305A 30BA zu zu zu
305B 30BB se se se
305C 30BC ze ze ze
305D 30BD so so so
305E 30BE zo zo zo
305F 30BF ta ta ta
3060 30C0 da da da
3061 30C1 ti chi èi
3062 30C2 di ji dži
3064 30C4 tu tsu cu
3065 30C5 du zu zu
3066 30C6 te te te
3067 30C7 de de de
3068 30C8 to to to
3069 30C9 do do do
306A 30CA na na na
306B 30CB ni ni ni
306C 30CC nu nu nu
306D 30CD ne ne ne
306E 30CE no no no
306F 30CF ha ha ha
3070 30D0 ba ba ba
3071 30D1 pa pa pa
3072 30D2 hi hi hi
3073 30D3 bi bi bi
3074 30D4 pi pi pi
3075 30D5 hu fu fu
3076 30D6 bu bu bu
3077 30D7 pu pu pu
3078 30D8 he he he
3079 30D9 be be be
307A 30DA pe pe pe
307B 30DB ho ho ho
307C 30DC bo bo bo
307D 30DD po po po
307E 30DE ma ma ma
307F 30DF mi mi mi
3080 30E0 mu mu mu
3081 30E1 me me me
3082 30E2 mo mo mo
3084 30E4 ya ya ja
3086 30E6 yu yu ju
3088 30E8 yo yo jo
3089 30E9 ra ra ra
308A 30EA ri ri ri
308B 30EB ru ru ru
308C 30EC re re re
308D 30ED ro ro ro
308F 30EF wa wa wa
3090 30F0 wi i i
3091 30F1 we e e
3092 30F2 wo o o
3094 30F4 vu vu vu
304D3083 30AD30E3 kya kya kja
304E3083 30AE30E3 gya gya gja
30573083 30B730E3 sya sha ša
30583083 30B830E3 zya ja dža
30613083 30C130E3 tya cha èa
306B3083 30CB30E3 nya nya nja
30723083 30D230E3 hya hya hja
30733083 30D330E3 bya bya bja
30743083 30D430E3 pya pya pja
307F3083 30DF30E3 mya mya mja
308A3083 30EA30E3 rya rya rja
304D3085 30AD30E5 kyu kyu kju
304E3085 30AE30E5 gyu gyu gju
30573085 30B730E5 syu shu šu
30583085 30B830E5 zyu ju džu
30613085 30C130E5 tyu chu èu
306B3085 30CB30E5 nyu nyu nju
30723085 30D230E5 hyu hyu hju
30733085 30D330E5 byu byu bju
30743085 30D430E5 pyu pyu pju
307F3085 30DF30E5 myu myu mju
308A3085 30EA30E5 ryu ryu rju
304D3087 30AD30E7 kyo kyo kjo
304E3087 30AE30E7 gyo gyo gjo
30573087 30B730E7 syo sho šo
30583087 30B830E7 zyo jo džo
30613087 30C130E7 tyo cho èo
306B3087 30CB30E7 nyo nyo njo
30723087 30D230E7 hyo hyo hjo
30733087 30D330E7 byo byo bjo
30743087 30D430E7 pyo pyo pjo
307F3087 30DF30E7 myo myo mjo
308A3087 30EA30E7 ryo ryo rjo
306230E3 30C230E3 dya ja dža
306230E5 30C230E5 dyu ju džu
306230E7 30C230E7 dyo jo džo
30573047 30B730A7 sye she še
30583047 30B830A7 zye je dže
30613047 30C130A7 tye che èe
30643047 30C430A7 tse tse ce
30643041 30C430A1 tsa tsa ca
30613043 30C130A3 ti ti ti
30623043 30C230A3 di di di
30753041 30D530A1 fa fa fa
30753043 30D530A3 fi fi fi
30753047 30D530A7 fe fe fe
30753049 30D530A9 fo fo fo
30943041 30F430A1 va va va
30943043 30F430A3 vi vi vi
3094 30F4 vu vu vu
30943047 30F430A7 ve ve ve
30943049 30F430A9 vo vo vo
30443047 30A430A7 ye ye ye
30463043 30A630A3 wi wi wi
30463047 30A630A7 we we we
30463049 30A630A9 wo wo wo
306B3043 30CB30A3 nye nye nje
30723043 30D230A3 hye hye hje
30733043 30D330A3 bye bye bje
30743043 30D430A3 pye pye pje
30753085 30D530E5 fyu fyu fju
307F3043 30DF30A3 mye mye mje
308A3043 30EA30A3 rye rye rje
304D3047 30AD30A7 kye kye kje
304E3047 30AE30A7 gye gye gje
30593043 30B930A3 si si si
305A3043 30BA30A3 zi zi zi
30643049 30C430A9 tso tso co
30643043 30C430A3 tsi tsi ci
30663043 30C630A3 ti ti ti
30673043 30C730A3 di di di
30663085 30C630E5 tyu tyu tyu
30673085 30C730E5 dyu dyu dyu
30683045 30C830A5 tu tu tu
30693045 30C930A5 du du du
3063 30C3 D D D
3093 30F3 n n n
3093 30F3 n' n' n'
